2025-03-09 21:44:02 - Starting commit and push process.
2025-03-09 21:44:02 - Force added /home/lsadmin/SureBeat/SureBeat-Servers/license_server/database.db to staging area.
2025-03-09 21:44:02 - No changes to commit.
2025-03-09 21:44:02 - Finished commit and push process.
2025-03-09 21:45:12 - Starting commit and push process.
2025-03-09 21:45:12 - Force added /home/lsadmin/SureBeat/SureBeat-Servers/license_server/database.db to staging area.
2025-03-09 21:45:12 - No changes to commit.
2025-03-09 21:45:12 - Finished commit and push process.
2025-03-09 21:45:20 - Starting commit and push process.
2025-03-09 21:45:20 - Force added /home/lsadmin/SureBeat/SureBeat-Servers/license_server/database.db to staging area.
2025-03-09 21:45:20 - No changes to commit.
2025-03-09 21:45:20 - Finished commit and push process.
2025-03-09 21:48:00 - Starting commit and push process.
2025-03-09 21:48:00 - Modification date: 1741553105
2025-03-09 21:48:00 - Last commit date: 1741553105
2025-03-09 21:48:00 - No changes to commit.
2025-03-09 21:48:00 - Finished commit and push process.
2025-03-09 21:49:46 - Starting commit and push process.
2025-03-09 21:49:46 - Modification date: 1741553105
2025-03-09 21:49:46 - Last commit date: 1741553105
2025-03-09 21:49:46 - No changes to commit.
2025-03-09 21:49:46 - Finished commit and push process.
2025-03-09 21:50:08 - Starting commit and push process.
2025-03-09 21:50:08 - Modification date: 1741553403
2025-03-09 21:50:08 - Last commit date: 1741553105
2025-03-09 21:50:08 - Database file has been modified since the last commit.
2025-03-09 21:50:08 - Force added /home/lsadmin/SureBeat/SureBeat-Servers/license_server/database.db to staging area.
2025-03-09 21:50:08 - Committed changes.
2025-03-09 21:50:09 - Force pushed changes to GitHub.
2025-03-09 21:50:09 - Finished commit and push process.
2025-03-09 21:50:27 - Starting commit and push process.
2025-03-09 21:50:27 - Modification date: 1741553423
2025-03-09 21:50:27 - Last commit date: 1741553423
2025-03-09 21:50:27 - No changes to commit.
2025-03-09 21:50:27 - Finished commit and push process.
2025-03-09 21:50:52 - Starting commit and push process.
2025-03-09 21:50:52 - Modification date: 1741553445
2025-03-09 21:50:52 - Last commit date: 1741553445
2025-03-09 21:50:52 - No changes to commit.
2025-03-09 21:50:52 - Finished commit and push process.
2025-03-09 21:50:54 - Starting commit and push process.
2025-03-09 21:50:54 - Modification date: 1741553445
2025-03-09 21:50:54 - Last commit date: 1741553445
2025-03-09 21:50:54 - No changes to commit.
2025-03-09 21:50:54 - Finished commit and push process.
2025-03-09 21:50:55 - Starting commit and push process.
2025-03-09 21:50:55 - Modification date: 1741553445
2025-03-09 21:50:55 - Last commit date: 1741553445
2025-03-09 21:50:55 - No changes to commit.
2025-03-09 21:50:55 - Finished commit and push process.
2025-03-09 21:50:56 - Starting commit and push process.
2025-03-09 21:50:56 - Modification date: 1741553445
2025-03-09 21:50:56 - Last commit date: 1741553445
2025-03-09 21:50:56 - No changes to commit.
2025-03-09 21:50:56 - Finished commit and push process.
2025-03-09 21:51:02 - Starting commit and push process.
2025-03-09 21:51:02 - Modification date: 1741553445
2025-03-09 21:51:02 - Last commit date: 1741553445
2025-03-09 21:51:02 - No changes to commit.
2025-03-09 21:51:02 - Finished commit and push process.
2025-03-09 21:51:13 - Starting commit and push process.
2025-03-09 21:51:13 - Modification date: 1741553468
2025-03-09 21:51:13 - Last commit date: 1741553468
2025-03-09 21:51:13 - No changes to commit.
2025-03-09 21:51:13 - Finished commit and push process.
2025-03-09 21:51:15 - Starting commit and push process.
2025-03-09 21:51:15 - Modification date: 1741553468
2025-03-09 21:51:15 - Last commit date: 1741553468
2025-03-09 21:51:15 - No changes to commit.
2025-03-09 21:51:15 - Finished commit and push process.
2025-03-09 21:51:18 - Starting commit and push process.
2025-03-09 21:51:18 - Modification date: 1741553468
2025-03-09 21:51:18 - Last commit date: 1741553468
2025-03-09 21:51:18 - No changes to commit.
2025-03-09 21:51:18 - Finished commit and push process.
2025-03-09 21:51:49 - Starting commit and push process.
2025-03-09 21:51:49 - Modification date: 1741553468
2025-03-09 21:51:50 - Last commit date: 1741553468
2025-03-09 21:51:50 - No changes to commit.
2025-03-09 21:51:50 - Finished commit and push process.
2025-03-09 21:52:19 - Starting commit and push process.
2025-03-09 21:52:19 - Modification date: 1741553468
2025-03-09 21:52:19 - Last commit date: 1741553468
2025-03-09 21:52:19 - No changes to commit.
2025-03-09 21:52:19 - Finished commit and push process.
2025-03-09 21:52:20 - Starting commit and push process.
2025-03-09 21:52:20 - Modification date: 1741553468
2025-03-09 21:52:20 - Last commit date: 1741553468
2025-03-09 21:52:20 - No changes to commit.
2025-03-09 21:52:20 - Finished commit and push process.
2025-03-09 21:52:21 - Starting commit and push process.
2025-03-09 21:52:21 - Modification date: 1741553468
2025-03-09 21:52:21 - Last commit date: 1741553468
2025-03-09 21:52:21 - No changes to commit.
2025-03-09 21:52:21 - Finished commit and push process.
2025-03-09 21:55:41 - Starting commit and push process.
2025-03-09 21:55:41 - Force added /home/lsadmin/SureBeat/SureBeat-Servers/license_server/database.db to staging area.
2025-03-09 21:55:41 - Committed changes.
2025-03-09 21:55:42 - Force pushed changes to GitHub.
2025-03-09 21:55:42 - Finished commit and push process.
2025-03-09 21:56:51 - Starting commit and push process.
2025-03-09 21:56:51 - Force added /home/lsadmin/SureBeat/SureBeat-Servers/license_server/database.db to staging area.
2025-03-09 21:56:51 - Committed changes.
2025-03-09 21:56:51 - Force pushed changes to GitHub.
2025-03-09 21:56:51 - Finished commit and push process.
2025-03-09 21:57:55 - Starting commit and push process.
2025-03-09 21:57:55 - Force added /home/lsadmin/SureBeat/SureBeat-Servers/license_server/database.db to staging area.
2025-03-09 21:57:55 - Committed changes.
2025-03-09 21:57:56 - Force pushed changes to GitHub.
2025-03-09 21:57:56 - Finished commit and push process.
2025-03-09 21:58:26 - Starting commit and push process.
2025-03-09 21:58:26 - Force added /home/lsadmin/SureBeat/SureBeat-Servers/license_server/database.db to staging area.
2025-03-09 21:58:26 - Committed changes.
2025-03-09 21:58:27 - Force pushed changes to GitHub.
2025-03-09 21:58:27 - Finished commit and push process.
